生成启动时间为 2015/3/18 13:50:16。
     1>项目“D:\project\chatClient\chatClient\chatClient.vcxproj”在节点 2 上(build 个目标)。
     1>InitializeBuildStatus:
         正在创建“Release\chatClient.unsuccessfulbuild”，因为已指定“AlwaysCreate”。
       ClCompile:
         所有输出均为最新。
         e:\soft\vs2010\VC\bin\CL.exe /c /Zi /nologo /W3 /WX- /O2 /Oi /Oy- /GL /D WIN32 /D NDEBUG /D _CONSOLE /D _UNICODE /D UNICODE /Gm- /EHsc /MD /GS /Gy /fp:precise /Zc:wchar_t /Zc:forScope /Yu"StdAfx.h" /Fp"Release\chatClient.pch" /Fo"Release\\" /Fd"Release\vc100.pdb" /Gd /TP /analyze- /errorReport:prompt ChatClientNode.cpp
         ChatClientNode.cpp
     1>ChatClientNode.cpp(31): warning C4996: 'sprintf': This function or variable may be unsafe. Consider using sprintf_s instead. To disable deprecation, use _CRT_SECURE_NO_WARNINGS. See online help for details.
                 e:\soft\vs2010\VC\include\stdio.h(371) : 参见“sprintf”的声明
     1>ChatClientNode.cpp(33): warning C4996: 'sprintf': This function or variable may be unsafe. Consider using sprintf_s instead. To disable deprecation, use _CRT_SECURE_NO_WARNINGS. See online help for details.
                 e:\soft\vs2010\VC\include\stdio.h(371) : 参见“sprintf”的声明
     1>ChatClientNode.cpp(35): warning C4996: 'sprintf': This function or variable may be unsafe. Consider using sprintf_s instead. To disable deprecation, use _CRT_SECURE_NO_WARNINGS. See online help for details.
                 e:\soft\vs2010\VC\include\stdio.h(371) : 参见“sprintf”的声明
       Link:
         e:\soft\vs2010\VC\bin\link.exe /ERRORREPORT:PROMPT /OUT:"D:\project\chatClient\Release\chatClient.exe" /INCREMENTAL:NO /NOLOGO kernel32.lib user32.lib gdi32.lib winspool.lib comdlg32.lib advapi32.lib shell32.lib ole32.lib oleaut32.lib uuid.lib odbc32.lib odbccp32.lib /MANIFEST /ManifestFile:"Release\chatClient.exe.intermediate.manifest" /MANIFESTUAC:"level='asInvoker' uiAccess='false'" /DEBUG /PDB:"D:\project\chatClient\Release\chatClient.pdb" /SUBSYSTEM:CONSOLE /OPT:REF /OPT:ICF /LTCG /TLBID:1 /DYNAMICBASE /NXCOMPAT /IMPLIB:"D:\project\chatClient\Release\chatClient.lib" /MACHINE:X86 Release\chatClient.obj
         Release\ChatClientNode.obj
         Release\stdafx.obj
         正在生成代码
         已完成代码的生成
         chatClient.vcxproj -> D:\project\chatClient\Release\chatClient.exe
       Manifest:
         C:\Program Files (x86)\Microsoft SDKs\Windows\v7.0A\bin\mt.exe /nologo /verbose /outputresource:"D:\project\chatClient\Release\chatClient.exe;#1" /manifest Release\chatClient.exe.intermediate.manifest
       FinalizeBuildStatus:
         正在删除文件“Release\chatClient.unsuccessfulbuild”。
         正在对“Release\chatClient.lastbuildstate”执行 Touch 任务。
     1>已完成生成项目“D:\project\chatClient\chatClient\chatClient.vcxproj”(build 个目标)的操作。

生成成功。

已用时间 00:00:04.34
