D:\PROJECT\CHATCLIENT\CHATCLIENT\DEBUG\CHATCLIENT.EXE.EMBED.MANIFEST
D:\PROJECT\CHATCLIENT\CHATCLIENT\DEBUG\CHATCLIENT.EXE.EMBED.MANIFEST.RES
D:\PROJECT\CHATCLIENT\CHATCLIENT\DEBUG\CHATCLIENT.EXE.INTERMEDIATE.MANIFEST
D:\PROJECT\CHATCLIENT\CHATCLIENT\DEBUG\CHATCLIENT.OBJ
D:\PROJECT\CHATCLIENT\CHATCLIENT\DEBUG\CHATCLIENT.PCH
D:\project\chatClient\chatClient\Debug\chatClient.vcxprojResolveAssemblyReference.cache
D:\project\chatClient\chatClient\Debug\chatClient.write.1.tlog
D:\project\chatClient\chatClient\Debug\chatClient_manifest.rc
D:\PROJECT\CHATCLIENT\CHATCLIENT\DEBUG\CHATCLIENTNODE.OBJ
D:\project\chatClient\chatClient\Debug\cl.command.1.tlog
D:\project\chatClient\chatClient\Debug\CL.read.1.tlog
D:\project\chatClient\chatClient\Debug\CL.write.1.tlog
D:\project\chatClient\chatClient\Debug\link.11316.read.1.tlog
D:\project\chatClient\chatClient\Debug\link.11316.write.1.tlog
D:\project\chatClient\chatClient\Debug\link.11316-cvtres.read.1.tlog
D:\project\chatClient\chatClient\Debug\link.11316-cvtres.write.1.tlog
D:\project\chatClient\chatClient\Debug\link.command.1.tlog
D:\project\chatClient\chatClient\Debug\link.read.1.tlog
D:\project\chatClient\chatClient\Debug\link.write.1.tlog
D:\project\chatClient\chatClient\Debug\link-cvtres.read.1.tlog
D:\project\chatClient\chatClient\Debug\link-cvtres.write.1.tlog
D:\project\chatClient\chatClient\Debug\mt.command.1.tlog
D:\project\chatClient\chatClient\Debug\mt.read.1.tlog
D:\project\chatClient\chatClient\Debug\mt.write.1.tlog
D:\project\chatClient\chatClient\Debug\rc.command.1.tlog
D:\project\chatClient\chatClient\Debug\rc.read.1.tlog
D:\project\chatClient\chatClient\Debug\rc.write.1.tlog
D:\PROJECT\CHATCLIENT\CHATCLIENT\DEBUG\STDAFX.OBJ
D:\project\chatClient\chatClient\Debug\vc100.idb
D:\PROJECT\CHATCLIENT\CHATCLIENT\DEBUG\VC100.PDB
D:\PROJECT\CHATCLIENT\DEBUG\CHATCLIENT.EXE
D:\PROJECT\CHATCLIENT\DEBUG\CHATCLIENT.ILK
D:\PROJECT\CHATCLIENT\DEBUG\CHATCLIENT.PDB
