生成启动时间为 2015/3/18 10:10:13。
     1>项目“D:\project\chatClient\chatClient\chatClient.vcxproj”在节点 2 上(rebuild 个目标)。
     1>_PrepareForClean:
         正在删除文件“Debug\chatClient.lastbuildstate”。
       InitializeBuildStatus:
         正在创建“Debug\chatClient.unsuccessfulbuild”，因为已指定“AlwaysCreate”。
       ClCompile:
         e:\soft\vs2010\VC\bin\CL.exe /c /ZI /nologo /W3 /WX- /Od /Oy- /D WIN32 /D _DEBUG /D _CONSOLE /D _UNICODE /D UNICODE /Gm /EHsc /RTC1 /MDd /GS /fp:precise /Zc:wchar_t /Zc:forScope /Yc"StdAfx.h" /Fp"Debug\chatClient.pch" /Fo"Debug\\" /Fd"Debug\vc100.pdb" /Gd /TP /analyze- /errorReport:prompt stdafx.cpp
         stdafx.cpp
         e:\soft\vs2010\VC\bin\CL.exe /c /ZI /nologo /W3 /WX- /Od /Oy- /D WIN32 /D _DEBUG /D _CONSOLE /D _UNICODE /D UNICODE /Gm /EHsc /RTC1 /MDd /GS /fp:precise /Zc:wchar_t /Zc:forScope /Yu"StdAfx.h" /Fp"Debug\chatClient.pch" /Fo"Debug\\" /Fd"Debug\vc100.pdb" /Gd /TP /analyze- /errorReport:prompt chatClient.cpp ChatClientNode.cpp
         ChatClientNode.cpp
     1>d:\project\chatclient\chatclient\chatclientnode.cpp(31): warning C4996: 'sprintf': This function or variable may be unsafe. Consider using sprintf_s instead. To disable deprecation, use _CRT_SECURE_NO_WARNINGS. See online help for details.
                 e:\soft\vs2010\vc\include\stdio.h(371) : 参见“sprintf”的声明
     1>d:\project\chatclient\chatclient\chatclientnode.cpp(33): warning C4996: 'sprintf': This function or variable may be unsafe. Consider using sprintf_s instead. To disable deprecation, use _CRT_SECURE_NO_WARNINGS. See online help for details.
                 e:\soft\vs2010\vc\include\stdio.h(371) : 参见“sprintf”的声明
     1>d:\project\chatclient\chatclient\chatclientnode.cpp(35): warning C4996: 'sprintf': This function or variable may be unsafe. Consider using sprintf_s instead. To disable deprecation, use _CRT_SECURE_NO_WARNINGS. See online help for details.
                 e:\soft\vs2010\vc\include\stdio.h(371) : 参见“sprintf”的声明
         chatClient.cpp
         正在生成代码...
       ManifestResourceCompile:
         C:\Program Files (x86)\Microsoft SDKs\Windows\v7.0A\bin\rc.exe /nologo /fo"Debug\chatClient.exe.embed.manifest.res" Debug\chatClient_manifest.rc 
       Link:
         e:\soft\vs2010\VC\bin\link.exe /ERRORREPORT:PROMPT /OUT:"D:\project\chatClient\Debug\chatClient.exe" /INCREMENTAL /NOLOGO kernel32.lib user32.lib gdi32.lib winspool.lib comdlg32.lib advapi32.lib shell32.lib ole32.lib oleaut32.lib uuid.lib odbc32.lib odbccp32.lib /MANIFEST /ManifestFile:"Debug\chatClient.exe.intermediate.manifest" /MANIFESTUAC:"level='asInvoker' uiAccess='false'" /DEBUG /PDB:"D:\project\chatClient\Debug\chatClient.pdb" /SUBSYSTEM:CONSOLE /TLBID:1 /DYNAMICBASE /NXCOMPAT /IMPLIB:"D:\project\chatClient\Debug\chatClient.lib" /MACHINE:X86 Debug\chatClient.exe.embed.manifest.res
         Debug\chatClient.obj
         Debug\ChatClientNode.obj
         Debug\stdafx.obj
       Manifest:
         正在删除文件“Debug\chatClient.exe.embed.manifest”。
         C:\Program Files (x86)\Microsoft SDKs\Windows\v7.0A\bin\mt.exe /nologo /verbose /out:"Debug\chatClient.exe.embed.manifest" /manifest Debug\chatClient.exe.intermediate.manifest
         C:\Program Files (x86)\Microsoft SDKs\Windows\v7.0A\bin\rc.exe /nologo /fo"Debug\chatClient.exe.embed.manifest.res" Debug\chatClient_manifest.rc 
       LinkEmbedManifest:
         e:\soft\vs2010\VC\bin\link.exe /ERRORREPORT:PROMPT /OUT:"D:\project\chatClient\Debug\chatClient.exe" /INCREMENTAL /NOLOGO kernel32.lib user32.lib gdi32.lib winspool.lib comdlg32.lib advapi32.lib shell32.lib ole32.lib oleaut32.lib uuid.lib odbc32.lib odbccp32.lib /MANIFEST /ManifestFile:"Debug\chatClient.exe.intermediate.manifest" /MANIFESTUAC:"level='asInvoker' uiAccess='false'" /DEBUG /PDB:"D:\project\chatClient\Debug\chatClient.pdb" /SUBSYSTEM:CONSOLE /TLBID:1 /DYNAMICBASE /NXCOMPAT /IMPLIB:"D:\project\chatClient\Debug\chatClient.lib" /MACHINE:X86 Debug\chatClient.exe.embed.manifest.res
         Debug\chatClient.obj
         Debug\ChatClientNode.obj
         Debug\stdafx.obj
         chatClient.vcxproj -> D:\project\chatClient\Debug\chatClient.exe
       FinalizeBuildStatus:
         正在删除文件“Debug\chatClient.unsuccessfulbuild”。
         正在对“Debug\chatClient.lastbuildstate”执行 Touch 任务。
     1>已完成生成项目“D:\project\chatClient\chatClient\chatClient.vcxproj”(rebuild 个目标)的操作。

生成成功。

已用时间 00:00:02.72
